<?xml version="1.0" encoding="UTF-8"?>
<testsuite name="com.laioffer.twitch.FavoriteServiceTests" tests="5" skipped="0" failures="0" errors="0" timestamp="2023-04-26T03:34:27" hostname="Zhes-MacBook-Pro.local" time="0.291">
  <properties/>
  <testcase name="whenItemNotExist_setFavoriteItem_shouldSaveItem()" classname="com.laioffer.twitch.FavoriteServiceTests" time="0.28"/>
  <testcase name="whenItemNotExist_unsetFavoriteItem_shouldNotDeleteFavoriteRecord()" classname="com.laioffer.twitch.FavoriteServiceTests" time="0.002"/>
  <testcase name="whenItemExist_setFavoriteItem_shouldNotSaveItem()" classname="com.laioffer.twitch.FavoriteServiceTests" time="0.002"/>
  <testcase name="whenItemExist_unsetFavoriteItem_shouldDeleteFavoriteRecord()" classname="com.laioffer.twitch.FavoriteServiceTests" time="0.001"/>
  <testcase name="setFavoriteItem_shouldCreateFavoriteRecord()" classname="com.laioffer.twitch.FavoriteServiceTests" time="0.002"/>
  <system-out><![CDATA[]]></system-out>
  <system-err><![CDATA[]]></system-err>
</testsuite>
